<?xml version="1.0" encoding="UTF-8"?>
<testsuite name="com.bridgelabz.selenium.test.Broken_Link_Test" tests="1" skipped="0" failures="0" errors="0" timestamp="2021-07-24T08:24:34" hostname="DESKTOP-KFGQFK8" time="54.665">
  <properties/>
  <testcase name="broken_Link" classname="com.bridgelabz.selenium.test.Broken_Link_Test" time="54.665"/>
  <system-out><![CDATA[size of full links and images-->>25
https://mail.google.com/mail/&ogbl
https://www.google.co.in/imghp?hl=en&ogbl
https://www.google.co.in/intl/en/about/products
https://accounts.google.com/ServiceLogin?hl=en&passive=true&continue=https://www.google.com/&ec=GAZAmgQ
https://www.google.com/#
https://www.google.com/setprefs?sig=0_fHmjlHqewjFilSL9YPlstkGoh_Q%3D&hl=hi&source=homepage&sa=X&ved=0ahUKEwjy_-j2o_vxAhWZHXAKHRS5CW0Q2ZgBCA8
https://www.google.com/setprefs?sig=0_fHmjlHqewjFilSL9YPlstkGoh_Q%3D&hl=bn&source=homepage&sa=X&ved=0ahUKEwjy_-j2o_vxAhWZHXAKHRS5CW0Q2ZgBCBA
https://www.google.com/setprefs?sig=0_fHmjlHqewjFilSL9YPlstkGoh_Q%3D&hl=te&source=homepage&sa=X&ved=0ahUKEwjy_-j2o_vxAhWZHXAKHRS5CW0Q2ZgBCBE
https://www.google.com/setprefs?sig=0_fHmjlHqewjFilSL9YPlstkGoh_Q%3D&hl=mr&source=homepage&sa=X&ved=0ahUKEwjy_-j2o_vxAhWZHXAKHRS5CW0Q2ZgBCBI
https://www.google.com/setprefs?sig=0_fHmjlHqewjFilSL9YPlstkGoh_Q%3D&hl=ta&source=homepage&sa=X&ved=0ahUKEwjy_-j2o_vxAhWZHXAKHRS5CW0Q2ZgBCBM
https://www.google.com/setprefs?sig=0_fHmjlHqewjFilSL9YPlstkGoh_Q%3D&hl=gu&source=homepage&sa=X&ved=0ahUKEwjy_-j2o_vxAhWZHXAKHRS5CW0Q2ZgBCBQ
https://www.google.com/setprefs?sig=0_fHmjlHqewjFilSL9YPlstkGoh_Q%3D&hl=kn&source=homepage&sa=X&ved=0ahUKEwjy_-j2o_vxAhWZHXAKHRS5CW0Q2ZgBCBU
https://www.google.com/setprefs?sig=0_fHmjlHqewjFilSL9YPlstkGoh_Q%3D&hl=ml&source=homepage&sa=X&ved=0ahUKEwjy_-j2o_vxAhWZHXAKHRS5CW0Q2ZgBCBY
https://www.google.com/setprefs?sig=0_fHmjlHqewjFilSL9YPlstkGoh_Q%3D&hl=pa&source=homepage&sa=X&ved=0ahUKEwjy_-j2o_vxAhWZHXAKHRS5CW0Q2ZgBCBc
https://about.google/?utm_source=google-IN&utm_medium=referral&utm_campaign=hp-footer&fg=1
https://www.google.com/intl/en_in/ads/?subid=ww-ww-et-g-awa-a-g_hpafoot1_1!o2&utm_source=google.com&utm_medium=referral&utm_campaign=google_hpafooter&fg=1
https://www.google.com/services/?subid=ww-ww-et-g-awa-a-g_hpbfoot1_1!o2&utm_source=google.com&utm_medium=referral&utm_campaign=google_hpbfooter&fg=1
https://google.com/search/howsearchworks/?fg=1
https://policies.google.com/privacy?hl=en-IN&fg=1
https://policies.google.com/terms?hl=en-IN&fg=1
https://www.google.com/preferences?hl=en-IN&fg=1
https://www.google.com/advanced_search?hl=en-IN&fg=1
https://www.google.com/history/privacyadvisor/search/unauth?utm_source=googlemenu&fg=1
https://www.google.com/history/optout?hl=en-IN&fg=1
https://support.google.com/websearch/?p=ws_results_help&hl=en-IN&fg=1
size of active links and images --->>25
https://mail.google.com/mail/&ogbl-->>OK
https://www.google.co.in/imghp?hl=en&ogbl-->>OK
https://www.google.co.in/intl/en/about/products-->>OK
https://accounts.google.com/ServiceLogin?hl=en&passive=true&continue=https://www.google.com/&ec=GAZAmgQ-->>OK
https://www.google.com/#-->>OK
https://www.google.com/setprefs?sig=0_fHmjlHqewjFilSL9YPlstkGoh_Q%3D&hl=hi&source=homepage&sa=X&ved=0ahUKEwjy_-j2o_vxAhWZHXAKHRS5CW0Q2ZgBCA8-->>OK
https://www.google.com/setprefs?sig=0_fHmjlHqewjFilSL9YPlstkGoh_Q%3D&hl=bn&source=homepage&sa=X&ved=0ahUKEwjy_-j2o_vxAhWZHXAKHRS5CW0Q2ZgBCBA-->>OK
https://www.google.com/setprefs?sig=0_fHmjlHqewjFilSL9YPlstkGoh_Q%3D&hl=te&source=homepage&sa=X&ved=0ahUKEwjy_-j2o_vxAhWZHXAKHRS5CW0Q2ZgBCBE-->>OK
https://www.google.com/setprefs?sig=0_fHmjlHqewjFilSL9YPlstkGoh_Q%3D&hl=mr&source=homepage&sa=X&ved=0ahUKEwjy_-j2o_vxAhWZHXAKHRS5CW0Q2ZgBCBI-->>OK
https://www.google.com/setprefs?sig=0_fHmjlHqewjFilSL9YPlstkGoh_Q%3D&hl=ta&source=homepage&sa=X&ved=0ahUKEwjy_-j2o_vxAhWZHXAKHRS5CW0Q2ZgBCBM-->>OK
https://www.google.com/setprefs?sig=0_fHmjlHqewjFilSL9YPlstkGoh_Q%3D&hl=gu&source=homepage&sa=X&ved=0ahUKEwjy_-j2o_vxAhWZHXAKHRS5CW0Q2ZgBCBQ-->>OK
https://www.google.com/setprefs?sig=0_fHmjlHqewjFilSL9YPlstkGoh_Q%3D&hl=kn&source=homepage&sa=X&ved=0ahUKEwjy_-j2o_vxAhWZHXAKHRS5CW0Q2ZgBCBU-->>OK
https://www.google.com/setprefs?sig=0_fHmjlHqewjFilSL9YPlstkGoh_Q%3D&hl=ml&source=homepage&sa=X&ved=0ahUKEwjy_-j2o_vxAhWZHXAKHRS5CW0Q2ZgBCBY-->>OK
https://www.google.com/setprefs?sig=0_fHmjlHqewjFilSL9YPlstkGoh_Q%3D&hl=pa&source=homepage&sa=X&ved=0ahUKEwjy_-j2o_vxAhWZHXAKHRS5CW0Q2ZgBCBc-->>OK
https://about.google/?utm_source=google-IN&utm_medium=referral&utm_campaign=hp-footer&fg=1-->>OK
https://www.google.com/intl/en_in/ads/?subid=ww-ww-et-g-awa-a-g_hpafoot1_1!o2&utm_source=google.com&utm_medium=referral&utm_campaign=google_hpafooter&fg=1-->>OK
https://www.google.com/services/?subid=ww-ww-et-g-awa-a-g_hpbfoot1_1!o2&utm_source=google.com&utm_medium=referral&utm_campaign=google_hpbfooter&fg=1-->>OK
https://google.com/search/howsearchworks/?fg=1-->>OK
https://policies.google.com/privacy?hl=en-IN&fg=1-->>OK
https://policies.google.com/terms?hl=en-IN&fg=1-->>OK
https://www.google.com/preferences?hl=en-IN&fg=1-->>OK
https://www.google.com/advanced_search?hl=en-IN&fg=1-->>OK
https://www.google.com/history/privacyadvisor/search/unauth?utm_source=googlemenu&fg=1-->>OK
https://www.google.com/history/optout?hl=en-IN&fg=1-->>OK
https://support.google.com/websearch/?p=ws_results_help&hl=en-IN&fg=1-->>OK
https://www.google.com/
Broken links have been founded successfully!
]]></system-out>
  <system-err><![CDATA[]]></system-err>
</testsuite>
